<?xml version="1.0" encoding="UTF-8"?>
<!-- Generated by org.testng.reporters.JUnitReportReporter -->
<testsuite hostname="DESKTOP-ELJS5BO" failures="0" tests="1" name="com.inetbanking2.testCases.TC_LoginTest_001" time="7.308" errors="0" timestamp="2022-12-22T16:02:41 IST" skipped="0">
  <testcase classname="com.inetbanking2.testCases.TC_LoginTest_001" name="Login" time="7.308"/>
  <system-out/>
</testsuite> <!-- com.inetbanking2.testCases.TC_LoginTest_001 -->
